[2024-05-06 16:26:37Z INFO HostContext] No proxy settings were found based on environmental variables (http_proxy/https_proxy/HTTP_PROXY/HTTPS_PROXY)
[2024-05-06 16:26:37Z INFO HostContext] Well known directory 'Bin': 'C:\Users\Notebook\labs\github-actions\actions-runner\bin'
[2024-05-06 16:26:37Z INFO HostContext] Well known directory 'Root': 'C:\Users\Notebook\labs\github-actions\actions-runner'
[2024-05-06 16:26:37Z INFO HostContext] Well known config file 'Credentials': 'C:\Users\Notebook\labs\github-actions\actions-runner\.credentials'
[2024-05-06 16:26:37Z INFO HostContext] Well known directory 'Bin': 'C:\Users\Notebook\labs\github-actions\actions-runner\bin'
[2024-05-06 16:26:37Z INFO HostContext] Well known directory 'Root': 'C:\Users\Notebook\labs\github-actions\actions-runner'
[2024-05-06 16:26:37Z INFO HostContext] Well known config file 'Runner': 'C:\Users\Notebook\labs\github-actions\actions-runner\.runner'
[2024-05-06 16:26:37Z INFO Listener] Runner is built for Windows (X64) - win-x64.
[2024-05-06 16:26:37Z INFO Listener] RuntimeInformation: Microsoft Windows 10.0.22631.
[2024-05-06 16:26:37Z INFO Listener] Version: 2.316.0
[2024-05-06 16:26:37Z INFO Listener] Commit: 14cea13ab5e7a5f385d805bf8a9034947d25f1b6
[2024-05-06 16:26:37Z INFO Listener] Culture: pt-BR
[2024-05-06 16:26:37Z INFO Listener] UI Culture: pt-BR
[2024-05-06 16:26:37Z INFO HostContext] Well known directory 'Bin': 'C:\Users\Notebook\labs\github-actions\actions-runner\bin'
[2024-05-06 16:26:37Z INFO HostContext] Well known directory 'Root': 'C:\Users\Notebook\labs\github-actions\actions-runner'
[2024-05-06 16:26:37Z INFO Listener] Validating directory permissions for: 'C:\Users\Notebook\labs\github-actions\actions-runner'
[2024-05-06 16:26:37Z INFO CommandLineParser] Parse
[2024-05-06 16:26:37Z INFO CommandLineParser] Parsing 5 args
[2024-05-06 16:26:37Z INFO CommandLineParser] parsing argument
[2024-05-06 16:26:37Z INFO CommandLineParser] HasArgs: False
[2024-05-06 16:26:37Z INFO CommandLineParser] Adding Command: configure
[2024-05-06 16:26:37Z INFO CommandLineParser] parsing argument
[2024-05-06 16:26:37Z INFO CommandLineParser] HasArgs: True
[2024-05-06 16:26:37Z INFO CommandLineParser] arg: url
[2024-05-06 16:26:37Z INFO CommandLineParser] parsing argument
[2024-05-06 16:26:37Z INFO CommandLineParser] HasArgs: True
[2024-05-06 16:26:37Z INFO CommandLineParser] Adding option 'url': 'https://github.com/rodasistemas/github-actions'
[2024-05-06 16:26:37Z INFO CommandLineParser] parsing argument
[2024-05-06 16:26:37Z INFO CommandLineParser] HasArgs: True
[2024-05-06 16:26:37Z INFO CommandLineParser] arg: token
[2024-05-06 16:26:37Z INFO CommandLineParser] parsing argument
[2024-05-06 16:26:37Z INFO CommandLineParser] HasArgs: True
[2024-05-06 16:26:37Z INFO CommandLineParser] Adding option 'token': '***'
[2024-05-06 16:26:37Z INFO Listener] Arguments parsed
[2024-05-06 16:26:37Z INFO Runner] ExecuteCommand
[2024-05-06 16:26:37Z INFO ConfigurationStore] currentAssemblyLocation: C:\Users\Notebook\labs\github-actions\actions-runner\bin\Runner.Listener.dll
[2024-05-06 16:26:37Z INFO HostContext] Well known directory 'Bin': 'C:\Users\Notebook\labs\github-actions\actions-runner\bin'
[2024-05-06 16:26:37Z INFO ConfigurationStore] binPath: C:\Users\Notebook\labs\github-actions\actions-runner\bin
[2024-05-06 16:26:37Z INFO HostContext] Well known directory 'Bin': 'C:\Users\Notebook\labs\github-actions\actions-runner\bin'
[2024-05-06 16:26:37Z INFO HostContext] Well known directory 'Root': 'C:\Users\Notebook\labs\github-actions\actions-runner'
[2024-05-06 16:26:37Z INFO ConfigurationStore] RootFolder: C:\Users\Notebook\labs\github-actions\actions-runner
[2024-05-06 16:26:37Z INFO HostContext] Well known directory 'Bin': 'C:\Users\Notebook\labs\github-actions\actions-runner\bin'
[2024-05-06 16:26:37Z INFO HostContext] Well known directory 'Root': 'C:\Users\Notebook\labs\github-actions\actions-runner'
[2024-05-06 16:26:37Z INFO HostContext] Well known config file 'Runner': 'C:\Users\Notebook\labs\github-actions\actions-runner\.runner'
[2024-05-06 16:26:37Z INFO ConfigurationStore] ConfigFilePath: C:\Users\Notebook\labs\github-actions\actions-runner\.runner
[2024-05-06 16:26:37Z INFO HostContext] Well known directory 'Bin': 'C:\Users\Notebook\labs\github-actions\actions-runner\bin'
[2024-05-06 16:26:37Z INFO HostContext] Well known directory 'Root': 'C:\Users\Notebook\labs\github-actions\actions-runner'
[2024-05-06 16:26:37Z INFO HostContext] Well known config file 'Credentials': 'C:\Users\Notebook\labs\github-actions\actions-runner\.credentials'
[2024-05-06 16:26:37Z INFO ConfigurationStore] CredFilePath: C:\Users\Notebook\labs\github-actions\actions-runner\.credentials
[2024-05-06 16:26:37Z INFO HostContext] Well known directory 'Bin': 'C:\Users\Notebook\labs\github-actions\actions-runner\bin'
[2024-05-06 16:26:37Z INFO HostContext] Well known directory 'Root': 'C:\Users\Notebook\labs\github-actions\actions-runner'
[2024-05-06 16:26:37Z INFO HostContext] Well known config file 'MigratedCredentials': 'C:\Users\Notebook\labs\github-actions\actions-runner\.credentials_migrated'
[2024-05-06 16:26:37Z INFO ConfigurationStore] MigratedCredFilePath: C:\Users\Notebook\labs\github-actions\actions-runner\.credentials_migrated
[2024-05-06 16:26:37Z INFO HostContext] Well known directory 'Bin': 'C:\Users\Notebook\labs\github-actions\actions-runner\bin'
[2024-05-06 16:26:37Z INFO HostContext] Well known directory 'Root': 'C:\Users\Notebook\labs\github-actions\actions-runner'
[2024-05-06 16:26:37Z INFO HostContext] Well known config file 'Service': 'C:\Users\Notebook\labs\github-actions\actions-runner\.service'
[2024-05-06 16:26:37Z INFO ConfigurationStore] ServiceConfigFilePath: C:\Users\Notebook\labs\github-actions\actions-runner\.service
[2024-05-06 16:26:37Z INFO CommandSettings] Flag 'help': 'False'
[2024-05-06 16:26:37Z INFO CommandSettings] Flag 'version': 'False'
[2024-05-06 16:26:37Z INFO CommandSettings] Flag 'commit': 'False'
[2024-05-06 16:26:37Z INFO CommandSettings] Flag 'check': 'False'
[2024-05-06 16:26:37Z INFO CommandSettings] Command 'configure': 'True'
[2024-05-06 16:26:37Z INFO Terminal] WRITE LINE: 
[2024-05-06 16:26:37Z INFO Terminal] WRITE LINE: --------------------------------------------------------------------------------
[2024-05-06 16:26:37Z INFO Terminal] WRITE LINE: |        ____ _ _   _   _       _          _        _   _                      |
[2024-05-06 16:26:37Z INFO Terminal] WRITE LINE: |       / ___(_) |_| | | |_   _| |__      / \   ___| |_(_) ___  _ __  ___      |
[2024-05-06 16:26:37Z INFO Terminal] WRITE LINE: |      | |  _| | __| |_| | | | | '_ \    / _ \ / __| __| |/ _ \| '_ \/ __|     |
[2024-05-06 16:26:37Z INFO Terminal] WRITE LINE: |      | |_| | | |_|  _  | |_| | |_) |  / ___ \ (__| |_| | (_) | | | \__ \     |
[2024-05-06 16:26:37Z INFO Terminal] WRITE LINE: |       \____|_|\__|_| |_|\__,_|_.__/  /_/   \_\___|\__|_|\___/|_| |_|___/     |
[2024-05-06 16:26:37Z INFO Terminal] WRITE LINE: |                                                                              |
[2024-05-06 16:26:37Z INFO Terminal] WRITE: |                       
[2024-05-06 16:26:37Z INFO Terminal] WRITE: Self-hosted runner registration
[2024-05-06 16:26:37Z INFO Terminal] WRITE LINE:                         |
[2024-05-06 16:26:37Z INFO Terminal] WRITE LINE: |                                                                              |
[2024-05-06 16:26:37Z INFO Terminal] WRITE LINE: --------------------------------------------------------------------------------
[2024-05-06 16:26:37Z INFO ConfigurationManager] ConfigureAsync
[2024-05-06 16:26:37Z INFO CommandSettings] Flag 'generateServiceConfig': 'False'
[2024-05-06 16:26:37Z INFO ConfigurationStore] IsConfigured()
[2024-05-06 16:26:37Z INFO ConfigurationStore] IsConfigured: False
[2024-05-06 16:26:37Z INFO ConfigurationManager] Is configured: False
[2024-05-06 16:26:37Z INFO CommandSettings] Arg 'url': 'https://github.com/rodasistemas/github-actions'
[2024-05-06 16:26:37Z INFO CommandSettings] Remove url from Arg dictionary.
[2024-05-06 16:26:37Z INFO CommandSettings] Arg 'token': '***'
[2024-05-06 16:26:37Z INFO CommandSettings] Remove token from Arg dictionary.
[2024-05-06 16:26:38Z INFO ConfigurationManager] Http response code: OK from 'POST https://api.github.com/actions/runner-registration' (D171:81C92:4634EAD:46AC75F:663904BE)
[2024-05-06 16:26:38Z INFO ConfigurationManager] Using V2 flow: False
[2024-05-06 16:26:38Z INFO ConfigurationManager] cred retrieved via GitHub auth
[2024-05-06 16:26:38Z INFO RunnerServer] EstablishVssConnection
[2024-05-06 16:26:38Z INFO RunnerServer] Establish connection with 100 seconds timeout.
[2024-05-06 16:26:38Z INFO GitHubActionsService] Starting operation Location.GetConnectionData
[2024-05-06 16:26:38Z INFO RunnerServer] EstablishVssConnection
[2024-05-06 16:26:38Z INFO RunnerServer] Establish connection with 60 seconds timeout.
[2024-05-06 16:26:38Z INFO GitHubActionsService] Starting operation Location.GetConnectionData
[2024-05-06 16:26:38Z INFO RunnerServer] EstablishVssConnection
[2024-05-06 16:26:38Z INFO RunnerServer] Establish connection with 60 seconds timeout.
[2024-05-06 16:26:38Z INFO GitHubActionsService] Starting operation Location.GetConnectionData
[2024-05-06 16:26:39Z INFO GitHubActionsService] Finished operation Location.GetConnectionData
[2024-05-06 16:26:39Z INFO GitHubActionsService] Finished operation Location.GetConnectionData
[2024-05-06 16:26:39Z INFO GitHubActionsService] Finished operation Location.GetConnectionData
[2024-05-06 16:26:39Z INFO Terminal] WRITE LINE: 
[2024-05-06 16:26:39Z INFO ConfigurationManager] Test Connection complete.
[2024-05-06 16:26:39Z INFO HostContext] Well known directory 'Bin': 'C:\Users\Notebook\labs\github-actions\actions-runner\bin'
[2024-05-06 16:26:39Z INFO HostContext] Well known directory 'Root': 'C:\Users\Notebook\labs\github-actions\actions-runner'
[2024-05-06 16:26:39Z INFO HostContext] Well known config file 'RSACredentials': 'C:\Users\Notebook\labs\github-actions\actions-runner\.credentials_rsaparams'
[2024-05-06 16:26:39Z INFO RSAEncryptedFileKeyManager] Creating new RSA key using 2048-bit key length
[2024-05-06 16:26:39Z INFO RSAEncryptedFileKeyManager] Successfully saved RSA key parameters to file C:\Users\Notebook\labs\github-actions\actions-runner\.credentials_rsaparams
[2024-05-06 16:26:40Z INFO CommandSettings] Arg 'runnergroup': ''
[2024-05-06 16:26:40Z INFO CommandSettings] Flag 'unattended': 'False'
[2024-05-06 16:26:40Z INFO PromptManager] ReadValue
[2024-05-06 16:26:40Z INFO Terminal] WRITE: Enter the name of the runner group to add this runner to: 
[2024-05-06 16:26:40Z INFO Terminal] WRITE: [press Enter for Default] 
[2024-05-06 16:26:40Z INFO Terminal] READ LINE
[2024-05-06 16:26:46Z INFO Terminal] Read value: ''
[2024-05-06 16:26:46Z INFO PromptManager] Falling back to the default: 'Default'
[2024-05-06 16:26:46Z INFO Terminal] WRITE LINE: 
[2024-05-06 16:26:46Z INFO ConfigurationManager] Found a self-hosted runner group with id 1 and name Default
[2024-05-06 16:26:46Z INFO CommandSettings] Flag 'disableupdate': 'False'
[2024-05-06 16:26:46Z INFO CommandSettings] Flag 'ephemeral': 'False'
[2024-05-06 16:26:46Z INFO CommandSettings] Arg 'name': ''
[2024-05-06 16:26:46Z INFO CommandSettings] Flag 'unattended': 'False'
[2024-05-06 16:26:46Z INFO PromptManager] ReadValue
[2024-05-06 16:26:46Z INFO Terminal] WRITE: Enter the name of runner: 
[2024-05-06 16:26:46Z INFO Terminal] WRITE: [press Enter for DESKTOP-RL1RG51] 
[2024-05-06 16:26:46Z INFO Terminal] READ LINE
[2024-05-06 16:26:49Z INFO Terminal] Read value: ''
[2024-05-06 16:26:49Z INFO PromptManager] Falling back to the default: 'DESKTOP-RL1RG51'
[2024-05-06 16:26:49Z INFO Terminal] WRITE LINE: 
[2024-05-06 16:26:49Z INFO CommandSettings] Arg 'labels': ''
[2024-05-06 16:26:49Z INFO CommandSettings] Flag 'unattended': 'False'
[2024-05-06 16:26:49Z INFO PromptManager] ReadValue
[2024-05-06 16:26:49Z INFO Terminal] WRITE: This runner will have the following labels: 'self-hosted', 'Windows', 'X64' 
Enter any additional labels (ex. label-1,label-2): 
[2024-05-06 16:26:49Z INFO Terminal] WRITE: [press Enter to skip] 
[2024-05-06 16:26:49Z INFO Terminal] READ LINE
[2024-05-06 16:26:55Z INFO Terminal] Read value: ''
[2024-05-06 16:26:55Z INFO Terminal] WRITE LINE: 
[2024-05-06 16:26:55Z INFO CommandSettings] Flag 'disableupdate': 'False'
[2024-05-06 16:26:55Z INFO CommandSettings] Flag 'no-default-labels': 'False'
[2024-05-06 16:26:55Z INFO CommandSettings] Flag 'disableupdate': 'False'
[2024-05-06 16:26:55Z INFO CommandSettings] Flag 'ephemeral': 'False'
[2024-05-06 16:26:55Z INFO ConfigurationStore] Saving OAuth credential @ C:\Users\Notebook\labs\github-actions\actions-runner\.credentials
[2024-05-06 16:26:55Z INFO ConfigurationStore] Credentials Saved.
[2024-05-06 16:26:55Z INFO ConfigurationStore] HasCredentials()
[2024-05-06 16:26:55Z INFO ConfigurationStore] stored True
[2024-05-06 16:26:55Z INFO CredentialManager] GetCredentialProvider
[2024-05-06 16:26:55Z INFO CredentialManager] Creating type OAuth
[2024-05-06 16:26:55Z INFO CredentialManager] Creating credential type: OAuth
[2024-05-06 16:26:55Z INFO RSAEncryptedFileKeyManager] Loading RSA key parameters from file C:\Users\Notebook\labs\github-actions\actions-runner\.credentials_rsaparams
[2024-05-06 16:26:55Z INFO RunnerServer] EstablishVssConnection
[2024-05-06 16:26:55Z INFO RunnerServer] Establish connection with 100 seconds timeout.
[2024-05-06 16:26:55Z INFO GitHubActionsService] Starting operation Location.GetConnectionData
[2024-05-06 16:26:55Z INFO RunnerServer] EstablishVssConnection
[2024-05-06 16:26:55Z INFO RunnerServer] Establish connection with 60 seconds timeout.
[2024-05-06 16:26:55Z INFO GitHubActionsService] Starting operation Location.GetConnectionData
[2024-05-06 16:26:55Z INFO RunnerServer] EstablishVssConnection
[2024-05-06 16:26:55Z INFO RunnerServer] Establish connection with 60 seconds timeout.
[2024-05-06 16:26:55Z INFO GitHubActionsService] Starting operation Location.GetConnectionData
[2024-05-06 16:26:56Z INFO GitHubActionsService] Finished operation Location.GetConnectionData
[2024-05-06 16:26:56Z INFO GitHubActionsService] Finished operation Location.GetConnectionData
[2024-05-06 16:26:56Z INFO GitHubActionsService] Finished operation Location.GetConnectionData
[2024-05-06 16:26:56Z INFO RSAEncryptedFileKeyManager] Loading RSA key parameters from file C:\Users\Notebook\labs\github-actions\actions-runner\.credentials_rsaparams
[2024-05-06 16:26:56Z INFO RSAEncryptedFileKeyManager] Loading RSA key parameters from file C:\Users\Notebook\labs\github-actions\actions-runner\.credentials_rsaparams
[2024-05-06 16:26:56Z INFO GitHubActionsService] AAD Correlation ID for this token request: Unknown
[2024-05-06 16:26:57Z INFO CommandSettings] Arg 'work': ''
[2024-05-06 16:26:57Z INFO CommandSettings] Flag 'unattended': 'False'
[2024-05-06 16:26:57Z INFO PromptManager] ReadValue
[2024-05-06 16:26:57Z INFO Terminal] WRITE: Enter name of work folder: 
[2024-05-06 16:26:57Z INFO Terminal] WRITE: [press Enter for _work] 
[2024-05-06 16:26:57Z INFO Terminal] READ LINE
[2024-05-06 16:27:05Z INFO Terminal] Read value: ''
[2024-05-06 16:27:05Z INFO PromptManager] Falling back to the default: '_work'
[2024-05-06 16:27:05Z INFO ConfigurationStore] Saving runner settings.
[2024-05-06 16:27:05Z INFO ConfigurationStore] Settings Saved.
[2024-05-06 16:27:05Z INFO Terminal] WRITE LINE: 
[2024-05-06 16:27:05Z INFO Terminal] WRITE LINE: 
[2024-05-06 16:27:05Z INFO CommandSettings] Flag 'runasservice': 'False'
[2024-05-06 16:27:05Z INFO CommandSettings] Flag 'unattended': 'False'
[2024-05-06 16:27:05Z INFO PromptManager] ReadValue
[2024-05-06 16:27:05Z INFO Terminal] WRITE: Would you like to run the runner as service? (Y/N) 
[2024-05-06 16:27:05Z INFO Terminal] WRITE: [press Enter for N] 
[2024-05-06 16:27:05Z INFO Terminal] READ LINE
[2024-05-06 16:27:10Z INFO Terminal] Read value: ''
[2024-05-06 16:27:10Z INFO PromptManager] Falling back to the default: 'N'
[2024-05-06 16:27:10Z INFO Listener] Runner execution has finished with return code 0
