[2024-05-07 15:18:46Z INFO HostContext] No proxy settings were found based on environmental variables (http_proxy/https_proxy/HTTP_PROXY/HTTPS_PROXY)
[2024-05-07 15:18:46Z INFO HostContext] Well known directory 'Bin': 'C:\Users\Notebook\labs\github-actions\actions-runner\bin'
[2024-05-07 15:18:46Z INFO HostContext] Well known directory 'Root': 'C:\Users\Notebook\labs\github-actions\actions-runner'
[2024-05-07 15:18:46Z INFO HostContext] Well known config file 'Credentials': 'C:\Users\Notebook\labs\github-actions\actions-runner\.credentials'
[2024-05-07 15:18:47Z INFO HostContext] Well known directory 'Bin': 'C:\Users\Notebook\labs\github-actions\actions-runner\bin'
[2024-05-07 15:18:47Z INFO HostContext] Well known directory 'Root': 'C:\Users\Notebook\labs\github-actions\actions-runner'
[2024-05-07 15:18:47Z INFO HostContext] Well known config file 'Runner': 'C:\Users\Notebook\labs\github-actions\actions-runner\.runner'
[2024-05-07 15:18:47Z INFO Listener] Runner is built for Windows (X64) - win-x64.
[2024-05-07 15:18:47Z INFO Listener] RuntimeInformation: Microsoft Windows 10.0.22631.
[2024-05-07 15:18:47Z INFO Listener] Version: 2.316.1
[2024-05-07 15:18:47Z INFO Listener] Commit: 9ac138d10eac15c71493f004f1b1bc919ead40de
[2024-05-07 15:18:47Z INFO Listener] Culture: pt-BR
[2024-05-07 15:18:47Z INFO Listener] UI Culture: pt-BR
[2024-05-07 15:18:47Z INFO HostContext] Well known directory 'Bin': 'C:\Users\Notebook\labs\github-actions\actions-runner\bin'
[2024-05-07 15:18:47Z INFO HostContext] Well known directory 'Root': 'C:\Users\Notebook\labs\github-actions\actions-runner'
[2024-05-07 15:18:47Z INFO Listener] Validating directory permissions for: 'C:\Users\Notebook\labs\github-actions\actions-runner'
[2024-05-07 15:18:47Z INFO CommandLineParser] Parse
[2024-05-07 15:18:47Z INFO CommandLineParser] Parsing 1 args
[2024-05-07 15:18:47Z INFO CommandLineParser] parsing argument
[2024-05-07 15:18:47Z INFO CommandLineParser] HasArgs: False
[2024-05-07 15:18:47Z INFO CommandLineParser] Adding Command: run
[2024-05-07 15:18:47Z INFO Listener] Arguments parsed
[2024-05-07 15:18:47Z INFO Runner] ExecuteCommand
[2024-05-07 15:18:47Z INFO ConfigurationStore] currentAssemblyLocation: C:\Users\Notebook\labs\github-actions\actions-runner\bin\Runner.Listener.dll
[2024-05-07 15:18:47Z INFO HostContext] Well known directory 'Bin': 'C:\Users\Notebook\labs\github-actions\actions-runner\bin'
[2024-05-07 15:18:47Z INFO ConfigurationStore] binPath: C:\Users\Notebook\labs\github-actions\actions-runner\bin
[2024-05-07 15:18:47Z INFO HostContext] Well known directory 'Bin': 'C:\Users\Notebook\labs\github-actions\actions-runner\bin'
[2024-05-07 15:18:47Z INFO HostContext] Well known directory 'Root': 'C:\Users\Notebook\labs\github-actions\actions-runner'
[2024-05-07 15:18:47Z INFO ConfigurationStore] RootFolder: C:\Users\Notebook\labs\github-actions\actions-runner
[2024-05-07 15:18:47Z INFO HostContext] Well known directory 'Bin': 'C:\Users\Notebook\labs\github-actions\actions-runner\bin'
[2024-05-07 15:18:47Z INFO HostContext] Well known directory 'Root': 'C:\Users\Notebook\labs\github-actions\actions-runner'
[2024-05-07 15:18:47Z INFO HostContext] Well known config file 'Runner': 'C:\Users\Notebook\labs\github-actions\actions-runner\.runner'
[2024-05-07 15:18:47Z INFO ConfigurationStore] ConfigFilePath: C:\Users\Notebook\labs\github-actions\actions-runner\.runner
[2024-05-07 15:18:47Z INFO HostContext] Well known directory 'Bin': 'C:\Users\Notebook\labs\github-actions\actions-runner\bin'
[2024-05-07 15:18:47Z INFO HostContext] Well known directory 'Root': 'C:\Users\Notebook\labs\github-actions\actions-runner'
[2024-05-07 15:18:47Z INFO HostContext] Well known config file 'Credentials': 'C:\Users\Notebook\labs\github-actions\actions-runner\.credentials'
[2024-05-07 15:18:47Z INFO ConfigurationStore] CredFilePath: C:\Users\Notebook\labs\github-actions\actions-runner\.credentials
[2024-05-07 15:18:47Z INFO HostContext] Well known directory 'Bin': 'C:\Users\Notebook\labs\github-actions\actions-runner\bin'
[2024-05-07 15:18:47Z INFO HostContext] Well known directory 'Root': 'C:\Users\Notebook\labs\github-actions\actions-runner'
[2024-05-07 15:18:47Z INFO HostContext] Well known config file 'MigratedCredentials': 'C:\Users\Notebook\labs\github-actions\actions-runner\.credentials_migrated'
[2024-05-07 15:18:47Z INFO ConfigurationStore] MigratedCredFilePath: C:\Users\Notebook\labs\github-actions\actions-runner\.credentials_migrated
[2024-05-07 15:18:47Z INFO HostContext] Well known directory 'Bin': 'C:\Users\Notebook\labs\github-actions\actions-runner\bin'
[2024-05-07 15:18:47Z INFO HostContext] Well known directory 'Root': 'C:\Users\Notebook\labs\github-actions\actions-runner'
[2024-05-07 15:18:47Z INFO HostContext] Well known config file 'Service': 'C:\Users\Notebook\labs\github-actions\actions-runner\.service'
[2024-05-07 15:18:47Z INFO ConfigurationStore] ServiceConfigFilePath: C:\Users\Notebook\labs\github-actions\actions-runner\.service
[2024-05-07 15:18:47Z INFO CommandSettings] Flag 'help': 'False'
[2024-05-07 15:18:47Z INFO CommandSettings] Flag 'version': 'False'
[2024-05-07 15:18:47Z INFO CommandSettings] Flag 'commit': 'False'
[2024-05-07 15:18:47Z INFO CommandSettings] Flag 'check': 'False'
[2024-05-07 15:18:47Z INFO CommandSettings] Command 'configure': 'False'
[2024-05-07 15:18:47Z INFO CommandSettings] Command 'remove': 'False'
[2024-05-07 15:18:47Z INFO CommandSettings] Command 'warmup': 'False'
[2024-05-07 15:18:47Z INFO ConfigurationManager] LoadSettings
[2024-05-07 15:18:47Z INFO ConfigurationStore] IsConfigured()
[2024-05-07 15:18:47Z INFO ConfigurationStore] IsConfigured: True
[2024-05-07 15:18:47Z INFO ConfigurationManager] Is configured: True
[2024-05-07 15:18:47Z INFO ConfigurationStore] Read setting file: 317 chars
[2024-05-07 15:18:47Z INFO ConfigurationManager] Settings Loaded
[2024-05-07 15:18:47Z INFO ConfigurationStore] IsServiceConfigured()
[2024-05-07 15:18:47Z INFO ConfigurationStore] IsServiceConfigured: False
[2024-05-07 15:18:47Z INFO CommandSettings] Command 'run': 'True'
[2024-05-07 15:18:47Z INFO ConfigurationStore] IsConfigured()
[2024-05-07 15:18:47Z INFO ConfigurationStore] IsConfigured: True
[2024-05-07 15:18:47Z INFO ConfigurationManager] Is configured: True
[2024-05-07 15:18:47Z INFO Runner] Could not parse the argument value '' for StartupType. Defaulting to Manual
[2024-05-07 15:18:47Z INFO Runner] Set runner startup type - Manual
[2024-05-07 15:18:47Z INFO CommandSettings] Flag 'once': 'False'
[2024-05-07 15:18:47Z INFO CommandSettings] Flag 'once': 'False'
[2024-05-07 15:18:48Z INFO Runner] RunAsync
[2024-05-07 15:18:48Z INFO ConfigurationManager] LoadSettings
[2024-05-07 15:18:48Z INFO ConfigurationStore] IsConfigured()
[2024-05-07 15:18:48Z INFO ConfigurationStore] IsConfigured: True
[2024-05-07 15:18:48Z INFO ConfigurationManager] Is configured: True
[2024-05-07 15:18:48Z INFO ConfigurationManager] Settings Loaded
[2024-05-07 15:18:48Z INFO MessageListener] {
  "AgentId": 2,
  "AgentName": "DESKTOP-RL1RG51",
  "PoolId": 1,
  "PoolName": "Default",
  "ServerUrl": "https://pipelinesghubeus11.actions.githubusercontent.com/xZxDCTA1XkuJydqzG5YKizS7TS0EmvC9s7dBF22bAAqInVPTHB/",
  "GitHubUrl": "https://github.com/rodasistemas/github-actions",
  "WorkFolder": "_work"
}
[2024-05-07 15:18:48Z INFO MessageListener] Loading Credentials
[2024-05-07 15:18:48Z INFO ConfigurationStore] HasCredentials()
[2024-05-07 15:18:48Z INFO ConfigurationStore] stored True
[2024-05-07 15:18:48Z INFO CredentialManager] GetCredentialProvider
[2024-05-07 15:18:48Z INFO CredentialManager] Creating type OAuth
[2024-05-07 15:18:48Z INFO CredentialManager] Creating credential type: OAuth
[2024-05-07 15:18:48Z INFO HostContext] Well known directory 'Bin': 'C:\Users\Notebook\labs\github-actions\actions-runner\bin'
[2024-05-07 15:18:48Z INFO HostContext] Well known directory 'Root': 'C:\Users\Notebook\labs\github-actions\actions-runner'
[2024-05-07 15:18:48Z INFO HostContext] Well known config file 'RSACredentials': 'C:\Users\Notebook\labs\github-actions\actions-runner\.credentials_rsaparams'
[2024-05-07 15:18:48Z INFO RSAEncryptedFileKeyManager] Loading RSA key parameters from file C:\Users\Notebook\labs\github-actions\actions-runner\.credentials_rsaparams
[2024-05-07 15:18:48Z INFO MessageListener] Attempt to create session.
[2024-05-07 15:18:48Z INFO MessageListener] Connecting to the Runner Server...
[2024-05-07 15:18:48Z INFO RunnerServer] EstablishVssConnection
[2024-05-07 15:18:48Z INFO RunnerServer] Establish connection with 100 seconds timeout.
[2024-05-07 15:18:48Z INFO GitHubActionsService] Starting operation Location.GetConnectionData
[2024-05-07 15:18:48Z INFO RunnerServer] EstablishVssConnection
[2024-05-07 15:18:48Z INFO RunnerServer] Establish connection with 60 seconds timeout.
[2024-05-07 15:18:48Z INFO GitHubActionsService] Starting operation Location.GetConnectionData
[2024-05-07 15:18:48Z INFO RunnerServer] EstablishVssConnection
[2024-05-07 15:18:48Z INFO RunnerServer] Establish connection with 60 seconds timeout.
[2024-05-07 15:18:48Z INFO GitHubActionsService] Starting operation Location.GetConnectionData
[2024-05-07 15:18:49Z INFO GitHubActionsService] Finished operation Location.GetConnectionData
[2024-05-07 15:18:49Z INFO GitHubActionsService] Finished operation Location.GetConnectionData
[2024-05-07 15:18:49Z INFO GitHubActionsService] Finished operation Location.GetConnectionData
[2024-05-07 15:18:49Z INFO MessageListener] VssConnection created
[2024-05-07 15:18:49Z INFO Terminal] WRITE LINE: 
[2024-05-07 15:18:49Z INFO Terminal] WRITE LINE: 
[2024-05-07 15:18:49Z INFO RSAEncryptedFileKeyManager] Loading RSA key parameters from file C:\Users\Notebook\labs\github-actions\actions-runner\.credentials_rsaparams
[2024-05-07 15:18:49Z INFO RSAEncryptedFileKeyManager] Loading RSA key parameters from file C:\Users\Notebook\labs\github-actions\actions-runner\.credentials_rsaparams
[2024-05-07 15:18:50Z INFO GitHubActionsService] AAD Correlation ID for this token request: Unknown
[2024-05-07 15:18:50Z INFO MessageListener] Session created.
[2024-05-07 15:18:50Z INFO Terminal] WRITE LINE: Current runner version: '2.316.1'
[2024-05-07 15:18:50Z INFO Terminal] WRITE LINE: 2024-05-07 15:18:50Z: Listening for Jobs
[2024-05-07 15:18:50Z INFO JobDispatcher] Set runner/worker IPC timeout to 30 seconds.
[2024-05-07 15:29:35Z INFO RSAEncryptedFileKeyManager] Loading RSA key parameters from file C:\Users\Notebook\labs\github-actions\actions-runner\.credentials_rsaparams
[2024-05-07 15:29:35Z INFO MessageListener] Message '6' received from session 'd5f60a30-b464-411e-9f58-17d96720bbea'.
[2024-05-07 15:29:35Z INFO Runner] Received job message of length 23970 from service, with hash '6cf1bfefd47bacd1bf2245ef6f072f010a9ff0e77e2bb0279e25f0b0a96300de'
[2024-05-07 15:29:36Z INFO JobDispatcher] Job request 5 for plan 83c5e01f-3ce7-44a7-aacd-e24735e2df9e job ca395085-040a-526b-2ce8-bdc85f692774 received.
[2024-05-07 15:29:36Z INFO JobDispatcher] Pull OrchestrationId 83c5e01f-3ce7-44a7-aacd-e24735e2df9e.build.__default from JWT claims
[2024-05-07 15:29:36Z INFO MessageListener] Received job status event. JobState: Busy
[2024-05-07 15:29:36Z INFO MessageListener] _getMessagesTokenSource is already disposed.
[2024-05-07 15:29:36Z INFO Terminal] WRITE LINE: 2024-05-07 15:29:36Z: Running job: build
[2024-05-07 15:29:36Z INFO JobDispatcher] Start renew job request 5 for job ca395085-040a-526b-2ce8-bdc85f692774.
[2024-05-07 15:29:36Z INFO JobDispatcher] Successfully renew job request 5, job is valid till 07/05/2024 15:39:35
[2024-05-07 15:29:36Z INFO HostContext] Well known directory 'Bin': 'C:\Users\Notebook\labs\github-actions\actions-runner\bin'
[2024-05-07 15:29:36Z INFO ProcessInvokerWrapper] Starting process:
[2024-05-07 15:29:36Z INFO ProcessInvokerWrapper]   File name: 'C:\Users\Notebook\labs\github-actions\actions-runner\bin\Runner.Worker.exe'
[2024-05-07 15:29:36Z INFO ProcessInvokerWrapper]   Arguments: 'spawnclient 1368 1964'
[2024-05-07 15:29:36Z INFO ProcessInvokerWrapper]   Working directory: 'C:\Users\Notebook\labs\github-actions\actions-runner\bin'
[2024-05-07 15:29:36Z INFO ProcessInvokerWrapper]   Require exit code zero: 'False'
[2024-05-07 15:29:36Z INFO ProcessInvokerWrapper]   Encoding web name:  ; code page: ''
[2024-05-07 15:29:36Z INFO ProcessInvokerWrapper]   Force kill process on cancellation: 'True'
[2024-05-07 15:29:36Z INFO ProcessInvokerWrapper]   Redirected STDIN: 'False'
[2024-05-07 15:29:36Z INFO ProcessInvokerWrapper]   Persist current code page: 'False'
[2024-05-07 15:29:36Z INFO ProcessInvokerWrapper]   Keep redirected STDIN open: 'False'
[2024-05-07 15:29:36Z INFO ProcessInvokerWrapper]   High priority process: 'True'
[2024-05-07 15:29:36Z INFO ProcessInvokerWrapper] Process started with process id 18956, waiting for process exit.
[2024-05-07 15:29:36Z INFO JobDispatcher] Send job request message to worker for job ca395085-040a-526b-2ce8-bdc85f692774.
[2024-05-07 15:29:36Z INFO ProcessChannel] Sending message of length 23970, with hash '6cf1bfefd47bacd1bf2245ef6f072f010a9ff0e77e2bb0279e25f0b0a96300de'
[2024-05-07 15:29:39Z INFO JobNotification] Entering JobStarted Notification
[2024-05-07 15:29:39Z INFO JobNotification] Entering StartMonitor
[2024-05-07 15:30:37Z INFO JobDispatcher] Successfully renew job request 5, job is valid till 07/05/2024 15:40:36
[2024-05-07 15:31:37Z INFO JobDispatcher] Successfully renew job request 5, job is valid till 07/05/2024 15:41:36
[2024-05-07 15:32:16Z INFO ProcessInvokerWrapper] STDOUT/STDERR stream read finished.
[2024-05-07 15:32:16Z INFO ProcessInvokerWrapper] STDOUT/STDERR stream read finished.
[2024-05-07 15:32:16Z INFO ProcessInvokerWrapper] Finished process 18956 with exit code 102, and elapsed time 00:02:39.3293968.
[2024-05-07 15:32:16Z INFO JobDispatcher] Worker finished for job ca395085-040a-526b-2ce8-bdc85f692774. Code: 102
[2024-05-07 15:32:16Z INFO JobDispatcher] finish job request for job ca395085-040a-526b-2ce8-bdc85f692774 with result: Failed
[2024-05-07 15:32:16Z INFO Terminal] WRITE LINE: 2024-05-07 15:32:16Z: Job build completed with result: Failed
[2024-05-07 15:32:16Z INFO JobDispatcher] Stop renew job request for job ca395085-040a-526b-2ce8-bdc85f692774.
[2024-05-07 15:32:16Z INFO JobDispatcher] job renew has been cancelled, stop renew job request 5.
[2024-05-07 15:32:16Z INFO JobNotification] Entering JobCompleted Notification
[2024-05-07 15:32:16Z INFO JobNotification] Entering EndMonitor
[2024-05-07 15:32:16Z INFO MessageListener] Received job status event. JobState: Online
[2024-05-07 15:32:16Z WARN GitHubActionsService] GET request to https://pipelinesghubeus11.actions.githubusercontent.com/xZxDCTA1XkuJydqzG5YKizS7TS0EmvC9s7dBF22bAAqInVPTHB/_apis/distributedtask/pools/1/messages?sessionId=d5f60a30-b464-411e-9f58-17d96720bbea&lastMessageId=6&status=Busy&runnerVersion=2.316.1&os=Windows&architecture=X64&disableUpdate=false has been cancelled.
[2024-05-07 15:32:16Z INFO MessageListener] Get messages has been cancelled using local token source. Continue to get messages with new status.
[2024-05-07 15:59:52Z INFO MessageListener] No message retrieved from session 'd5f60a30-b464-411e-9f58-17d96720bbea' within last 30 minutes.
[2024-05-07 16:06:30Z WARN GitHubActionsService] GET request to https://pipelinesghubeus11.actions.githubusercontent.com/xZxDCTA1XkuJydqzG5YKizS7TS0EmvC9s7dBF22bAAqInVPTHB/_apis/distributedtask/pools/1/messages?sessionId=d5f60a30-b464-411e-9f58-17d96720bbea&lastMessageId=6&status=Online&runnerVersion=2.316.1&os=Windows&architecture=X64&disableUpdate=false timed out after 60 seconds.
[2024-05-07 16:06:30Z ERR  MessageListener] Catch exception during get next message.
[2024-05-07 16:06:30Z ERR  MessageListener] System.TimeoutException: The HTTP request timed out after 00:01:00.
 ---> System.Threading.Tasks.TaskCanceledException: The operation was canceled.
 ---> System.IO.IOException: Unable to read data from the transport connection: A operação de E/S foi anulada devido a uma saída de thread ou a uma requisição de aplicativo..
 ---> System.Net.Sockets.SocketException (995): A operação de E/S foi anulada devido a uma saída de thread ou a uma requisição de aplicativo.
   --- End of inner exception stack trace ---
   at System.Net.Sockets.Socket.AwaitableSocketAsyncEventArgs.ThrowException(SocketError error, CancellationToken cancellationToken)
   at System.Net.Sockets.Socket.AwaitableSocketAsyncEventArgs.System.Threading.Tasks.Sources.IValueTaskSource<System.Int32>.GetResult(Int16 token)
   at System.Net.Security.SslStream.EnsureFullTlsFrameAsync[TIOAdapter](TIOAdapter adapter)
   at System.Net.Security.SslStream.ReadAsyncInternal[TIOAdapter](TIOAdapter adapter, Memory`1 buffer)
   at System.Net.Http.HttpConnection.SendAsyncCore(HttpRequestMessage request, Boolean async, CancellationToken cancellationToken)
   --- End of inner exception stack trace ---
   at System.Net.Http.HttpConnection.SendAsyncCore(HttpRequestMessage request, Boolean async, CancellationToken cancellationToken)
   at System.Net.Http.AuthenticationHelper.SendWithNtAuthAsync(HttpRequestMessage request, Uri authUri, Boolean async, ICredentials credentials, Boolean isProxyAuth, HttpConnection connection, HttpConnectionPool connectionPool, CancellationToken cancellationToken)
   at System.Net.Http.HttpConnectionPool.SendWithVersionDetectionAndRetryAsync(HttpRequestMessage request, Boolean async, Boolean doRequestAuth, CancellationToken cancellationToken)
   at System.Net.Http.AuthenticationHelper.SendWithAuthAsync(HttpRequestMessage request, Uri authUri, Boolean async, ICredentials credentials, Boolean preAuthenticate, Boolean isProxyAuth, Boolean doRequestAuth, HttpConnectionPool pool, CancellationToken cancellationToken)
   at System.Net.Http.DecompressionHandler.SendAsync(HttpRequestMessage request, Boolean async, CancellationToken cancellationToken)
   at GitHub.Services.Common.VssHttpMessageHandler.SendAsync(HttpRequestMessage request, CancellationToken cancellationToken)
   --- End of inner exception stack trace ---
   at GitHub.Services.Common.VssHttpMessageHandler.SendAsync(HttpRequestMessage request, CancellationToken cancellationToken)
   at GitHub.Services.Common.VssHttpRetryMessageHandler.SendAsync(HttpRequestMessage request, CancellationToken cancellationToken)
   at System.Net.Http.HttpClient.<SendAsync>g__Core|83_0(HttpRequestMessage request, HttpCompletionOption completionOption, CancellationTokenSource cts, Boolean disposeCts, CancellationTokenSource pendingRequestsCts, CancellationToken originalCancellationToken)
   at GitHub.Services.WebApi.VssHttpClientBase.SendAsync(HttpRequestMessage message, HttpCompletionOption completionOption, Object userState, CancellationToken cancellationToken)
   at GitHub.Services.WebApi.VssHttpClientBase.SendAsync[T](HttpRequestMessage message, Object userState, CancellationToken cancellationToken)
   at GitHub.Services.WebApi.VssHttpClientBase.SendAsync[T](HttpMethod method, IEnumerable`1 additionalHeaders, Guid locationId, Object routeValues, ApiResourceVersion version, HttpContent content, IEnumerable`1 queryParameters, Object userState, CancellationToken cancellationToken)
   at GitHub.Runner.Listener.MessageListener.GetNextMessageAsync(CancellationToken token)
[2024-05-07 16:06:30Z ERR  MessageListener] #####################################################
[2024-05-07 16:06:30Z ERR  MessageListener] System.Threading.Tasks.TaskCanceledException: The operation was canceled.
 ---> System.IO.IOException: Unable to read data from the transport connection: A operação de E/S foi anulada devido a uma saída de thread ou a uma requisição de aplicativo..
 ---> System.Net.Sockets.SocketException (995): A operação de E/S foi anulada devido a uma saída de thread ou a uma requisição de aplicativo.
   --- End of inner exception stack trace ---
   at System.Net.Sockets.Socket.AwaitableSocketAsyncEventArgs.ThrowException(SocketError error, CancellationToken cancellationToken)
   at System.Net.Sockets.Socket.AwaitableSocketAsyncEventArgs.System.Threading.Tasks.Sources.IValueTaskSource<System.Int32>.GetResult(Int16 token)
   at System.Net.Security.SslStream.EnsureFullTlsFrameAsync[TIOAdapter](TIOAdapter adapter)
   at System.Net.Security.SslStream.ReadAsyncInternal[TIOAdapter](TIOAdapter adapter, Memory`1 buffer)
   at System.Net.Http.HttpConnection.SendAsyncCore(HttpRequestMessage request, Boolean async, CancellationToken cancellationToken)
   --- End of inner exception stack trace ---
   at System.Net.Http.HttpConnection.SendAsyncCore(HttpRequestMessage request, Boolean async, CancellationToken cancellationToken)
   at System.Net.Http.AuthenticationHelper.SendWithNtAuthAsync(HttpRequestMessage request, Uri authUri, Boolean async, ICredentials credentials, Boolean isProxyAuth, HttpConnection connection, HttpConnectionPool connectionPool, CancellationToken cancellationToken)
   at System.Net.Http.HttpConnectionPool.SendWithVersionDetectionAndRetryAsync(HttpRequestMessage request, Boolean async, Boolean doRequestAuth, CancellationToken cancellationToken)
   at System.Net.Http.AuthenticationHelper.SendWithAuthAsync(HttpRequestMessage request, Uri authUri, Boolean async, ICredentials credentials, Boolean preAuthenticate, Boolean isProxyAuth, Boolean doRequestAuth, HttpConnectionPool pool, CancellationToken cancellationToken)
   at System.Net.Http.DecompressionHandler.SendAsync(HttpRequestMessage request, Boolean async, CancellationToken cancellationToken)
   at GitHub.Services.Common.VssHttpMessageHandler.SendAsync(HttpRequestMessage request, CancellationToken cancellationToken)
[2024-05-07 16:06:30Z ERR  MessageListener] #####################################################
[2024-05-07 16:06:30Z ERR  MessageListener] System.IO.IOException: Unable to read data from the transport connection: A operação de E/S foi anulada devido a uma saída de thread ou a uma requisição de aplicativo..
 ---> System.Net.Sockets.SocketException (995): A operação de E/S foi anulada devido a uma saída de thread ou a uma requisição de aplicativo.
   --- End of inner exception stack trace ---
   at System.Net.Sockets.Socket.AwaitableSocketAsyncEventArgs.ThrowException(SocketError error, CancellationToken cancellationToken)
   at System.Net.Sockets.Socket.AwaitableSocketAsyncEventArgs.System.Threading.Tasks.Sources.IValueTaskSource<System.Int32>.GetResult(Int16 token)
   at System.Net.Security.SslStream.EnsureFullTlsFrameAsync[TIOAdapter](TIOAdapter adapter)
   at System.Net.Security.SslStream.ReadAsyncInternal[TIOAdapter](TIOAdapter adapter, Memory`1 buffer)
   at System.Net.Http.HttpConnection.SendAsyncCore(HttpRequestMessage request, Boolean async, CancellationToken cancellationToken)
[2024-05-07 16:06:30Z ERR  MessageListener] #####################################################
[2024-05-07 16:06:30Z ERR  MessageListener] System.Net.Sockets.SocketException (995): A operação de E/S foi anulada devido a uma saída de thread ou a uma requisição de aplicativo.
[2024-05-07 16:06:30Z INFO MessageListener] Retriable exception: The HTTP request timed out after 00:01:00.
[2024-05-07 16:06:30Z ERR  Terminal] WRITE ERROR: 2024-05-07 16:06:30Z: Runner connect error: The HTTP request timed out after 00:01:00.. Retrying until reconnected.
[2024-05-07 16:06:30Z INFO RunnerServer] Refresh MessageQueue VssConnection to get on a different AFD node.
[2024-05-07 16:06:30Z INFO RunnerServer] EstablishVssConnection
[2024-05-07 16:06:30Z INFO RunnerServer] Establish connection with 60 seconds timeout.
[2024-05-07 16:06:30Z INFO GitHubActionsService] Starting operation Location.GetConnectionData
[2024-05-07 16:06:31Z INFO GitHubActionsService] Finished operation Location.GetConnectionData
[2024-05-07 16:06:31Z INFO MessageListener] Sleeping for 25.893 seconds before retrying.
[2024-05-07 16:07:00Z INFO RSAEncryptedFileKeyManager] Loading RSA key parameters from file C:\Users\Notebook\labs\github-actions\actions-runner\.credentials_rsaparams
[2024-05-07 16:07:00Z INFO Terminal] WRITE LINE: 2024-05-07 16:07:00Z: Runner reconnected.
[2024-05-07 16:07:00Z INFO MessageListener] Message '7' received from session 'd5f60a30-b464-411e-9f58-17d96720bbea'.
[2024-05-07 16:07:00Z INFO Runner] Received job message of length 23970 from service, with hash '1702ed15832998ef90787920b13c8900791e67688786cd3b07d3697795a528bc'
[2024-05-07 16:07:00Z INFO JobDispatcher] Job request 6 for plan 7404e8bf-f19d-4a3f-98bc-eba821f262ab job ca395085-040a-526b-2ce8-bdc85f692774 received.
[2024-05-07 16:07:00Z INFO JobDispatcher] Pull OrchestrationId 7404e8bf-f19d-4a3f-98bc-eba821f262ab.build.__default from JWT claims
[2024-05-07 16:07:00Z INFO MessageListener] Received job status event. JobState: Busy
[2024-05-07 16:07:00Z INFO MessageListener] _getMessagesTokenSource is already disposed.
[2024-05-07 16:07:00Z INFO JobDispatcher] Job request ca395085-040a-526b-2ce8-bdc85f692774 processed succeed.
[2024-05-07 16:07:00Z INFO Terminal] WRITE LINE: 2024-05-07 16:07:00Z: Running job: build
[2024-05-07 16:07:00Z INFO JobDispatcher] Start renew job request 6 for job ca395085-040a-526b-2ce8-bdc85f692774.
[2024-05-07 16:07:01Z INFO JobDispatcher] Successfully renew job request 6, job is valid till 07/05/2024 16:17:00
[2024-05-07 16:07:01Z INFO HostContext] Well known directory 'Bin': 'C:\Users\Notebook\labs\github-actions\actions-runner\bin'
[2024-05-07 16:07:01Z INFO ProcessInvokerWrapper] Starting process:
[2024-05-07 16:07:01Z INFO ProcessInvokerWrapper]   File name: 'C:\Users\Notebook\labs\github-actions\actions-runner\bin\Runner.Worker.exe'
[2024-05-07 16:07:01Z INFO ProcessInvokerWrapper]   Arguments: 'spawnclient 2484 1688'
[2024-05-07 16:07:01Z INFO ProcessInvokerWrapper]   Working directory: 'C:\Users\Notebook\labs\github-actions\actions-runner\bin'
[2024-05-07 16:07:01Z INFO ProcessInvokerWrapper]   Require exit code zero: 'False'
[2024-05-07 16:07:01Z INFO ProcessInvokerWrapper]   Encoding web name:  ; code page: ''
[2024-05-07 16:07:01Z INFO ProcessInvokerWrapper]   Force kill process on cancellation: 'True'
[2024-05-07 16:07:01Z INFO ProcessInvokerWrapper]   Redirected STDIN: 'False'
[2024-05-07 16:07:01Z INFO ProcessInvokerWrapper]   Persist current code page: 'False'
[2024-05-07 16:07:01Z INFO ProcessInvokerWrapper]   Keep redirected STDIN open: 'False'
[2024-05-07 16:07:01Z INFO ProcessInvokerWrapper]   High priority process: 'True'
[2024-05-07 16:07:01Z INFO ProcessInvokerWrapper] Process started with process id 23408, waiting for process exit.
[2024-05-07 16:07:01Z INFO JobDispatcher] Send job request message to worker for job ca395085-040a-526b-2ce8-bdc85f692774.
[2024-05-07 16:07:01Z INFO ProcessChannel] Sending message of length 23970, with hash '1702ed15832998ef90787920b13c8900791e67688786cd3b07d3697795a528bc'
[2024-05-07 16:07:01Z INFO JobNotification] Entering JobStarted Notification
[2024-05-07 16:07:01Z INFO JobNotification] Entering StartMonitor
[2024-05-07 16:08:01Z INFO JobDispatcher] Successfully renew job request 6, job is valid till 07/05/2024 16:18:00
[2024-05-07 16:09:01Z INFO JobDispatcher] Successfully renew job request 6, job is valid till 07/05/2024 16:19:00
[2024-05-07 16:09:16Z INFO ProcessInvokerWrapper] STDOUT/STDERR stream read finished.
[2024-05-07 16:09:16Z INFO ProcessInvokerWrapper] STDOUT/STDERR stream read finished.
[2024-05-07 16:09:16Z INFO ProcessInvokerWrapper] Finished process 23408 with exit code 102, and elapsed time 00:02:15.6989006.
[2024-05-07 16:09:16Z INFO JobDispatcher] Worker finished for job ca395085-040a-526b-2ce8-bdc85f692774. Code: 102
[2024-05-07 16:09:16Z INFO JobDispatcher] finish job request for job ca395085-040a-526b-2ce8-bdc85f692774 with result: Failed
[2024-05-07 16:09:16Z INFO Terminal] WRITE LINE: 2024-05-07 16:09:16Z: Job build completed with result: Failed
[2024-05-07 16:09:16Z INFO JobDispatcher] Stop renew job request for job ca395085-040a-526b-2ce8-bdc85f692774.
[2024-05-07 16:09:16Z INFO JobDispatcher] job renew has been cancelled, stop renew job request 6.
[2024-05-07 16:09:16Z INFO JobNotification] Entering JobCompleted Notification
[2024-05-07 16:09:16Z INFO JobNotification] Entering EndMonitor
[2024-05-07 16:09:16Z INFO MessageListener] Received job status event. JobState: Online
[2024-05-07 16:09:16Z WARN GitHubActionsService] GET request to https://pipelinesghubeus11.actions.githubusercontent.com/xZxDCTA1XkuJydqzG5YKizS7TS0EmvC9s7dBF22bAAqInVPTHB/_apis/distributedtask/pools/1/messages?sessionId=d5f60a30-b464-411e-9f58-17d96720bbea&lastMessageId=7&status=Busy&runnerVersion=2.316.1&os=Windows&architecture=X64&disableUpdate=false has been cancelled.
[2024-05-07 16:09:16Z INFO MessageListener] Get messages has been cancelled using local token source. Continue to get messages with new status.
[2024-05-07 16:14:18Z INFO RSAEncryptedFileKeyManager] Loading RSA key parameters from file C:\Users\Notebook\labs\github-actions\actions-runner\.credentials_rsaparams
[2024-05-07 16:14:18Z INFO GitHubActionsService] AAD Correlation ID for this token request: Unknown
[2024-05-07 16:37:43Z INFO MessageListener] No message retrieved from session 'd5f60a30-b464-411e-9f58-17d96720bbea' within last 30 minutes.
[2024-05-07 16:57:21Z INFO RSAEncryptedFileKeyManager] Loading RSA key parameters from file C:\Users\Notebook\labs\github-actions\actions-runner\.credentials_rsaparams
[2024-05-07 16:57:21Z INFO MessageListener] Message '8' received from session 'd5f60a30-b464-411e-9f58-17d96720bbea'.
[2024-05-07 16:57:21Z INFO Runner] Received job message of length 23972 from service, with hash '11234bd9fd2f33bbfb1e59446201ede075429d074a4e33d7d607fb4ad4ec51b2'
[2024-05-07 16:57:21Z INFO JobDispatcher] Job request 7 for plan 4f0dbb5f-5149-4a88-a436-98f04f342b15 job ca395085-040a-526b-2ce8-bdc85f692774 received.
[2024-05-07 16:57:21Z INFO JobDispatcher] Pull OrchestrationId 4f0dbb5f-5149-4a88-a436-98f04f342b15.build.__default from JWT claims
[2024-05-07 16:57:21Z INFO MessageListener] Received job status event. JobState: Busy
[2024-05-07 16:57:21Z INFO MessageListener] _getMessagesTokenSource is already disposed.
[2024-05-07 16:57:21Z INFO JobDispatcher] Job request ca395085-040a-526b-2ce8-bdc85f692774 processed succeed.
[2024-05-07 16:57:21Z INFO Terminal] WRITE LINE: 2024-05-07 16:57:21Z: Running job: build
[2024-05-07 16:57:21Z INFO JobDispatcher] Start renew job request 7 for job ca395085-040a-526b-2ce8-bdc85f692774.
[2024-05-07 16:57:22Z INFO JobDispatcher] Successfully renew job request 7, job is valid till 07/05/2024 17:07:21
[2024-05-07 16:57:22Z INFO HostContext] Well known directory 'Bin': 'C:\Users\Notebook\labs\github-actions\actions-runner\bin'
[2024-05-07 16:57:22Z INFO ProcessInvokerWrapper] Starting process:
[2024-05-07 16:57:22Z INFO ProcessInvokerWrapper]   File name: 'C:\Users\Notebook\labs\github-actions\actions-runner\bin\Runner.Worker.exe'
[2024-05-07 16:57:22Z INFO ProcessInvokerWrapper]   Arguments: 'spawnclient 2732 2760'
[2024-05-07 16:57:22Z INFO ProcessInvokerWrapper]   Working directory: 'C:\Users\Notebook\labs\github-actions\actions-runner\bin'
[2024-05-07 16:57:22Z INFO ProcessInvokerWrapper]   Require exit code zero: 'False'
[2024-05-07 16:57:22Z INFO ProcessInvokerWrapper]   Encoding web name:  ; code page: ''
[2024-05-07 16:57:22Z INFO ProcessInvokerWrapper]   Force kill process on cancellation: 'True'
[2024-05-07 16:57:22Z INFO ProcessInvokerWrapper]   Redirected STDIN: 'False'
[2024-05-07 16:57:22Z INFO ProcessInvokerWrapper]   Persist current code page: 'False'
[2024-05-07 16:57:22Z INFO ProcessInvokerWrapper]   Keep redirected STDIN open: 'False'
[2024-05-07 16:57:22Z INFO ProcessInvokerWrapper]   High priority process: 'True'
[2024-05-07 16:57:22Z INFO ProcessInvokerWrapper] Process started with process id 24412, waiting for process exit.
[2024-05-07 16:57:22Z INFO JobDispatcher] Send job request message to worker for job ca395085-040a-526b-2ce8-bdc85f692774.
[2024-05-07 16:57:22Z INFO ProcessChannel] Sending message of length 23972, with hash '11234bd9fd2f33bbfb1e59446201ede075429d074a4e33d7d607fb4ad4ec51b2'
[2024-05-07 16:57:22Z INFO JobNotification] Entering JobStarted Notification
[2024-05-07 16:57:22Z INFO JobNotification] Entering StartMonitor
[2024-05-07 16:58:22Z INFO JobDispatcher] Successfully renew job request 7, job is valid till 07/05/2024 17:08:21
[2024-05-07 16:59:22Z INFO JobDispatcher] Successfully renew job request 7, job is valid till 07/05/2024 17:09:21
[2024-05-07 17:00:22Z INFO JobDispatcher] Successfully renew job request 7, job is valid till 07/05/2024 17:10:21
[2024-05-07 17:00:54Z INFO ProcessInvokerWrapper] STDOUT/STDERR stream read finished.
[2024-05-07 17:00:54Z INFO ProcessInvokerWrapper] STDOUT/STDERR stream read finished.
[2024-05-07 17:00:54Z INFO ProcessInvokerWrapper] Finished process 24412 with exit code 102, and elapsed time 00:03:32.9134431.
[2024-05-07 17:00:54Z INFO JobDispatcher] Worker finished for job ca395085-040a-526b-2ce8-bdc85f692774. Code: 102
[2024-05-07 17:00:54Z INFO JobDispatcher] finish job request for job ca395085-040a-526b-2ce8-bdc85f692774 with result: Failed
[2024-05-07 17:00:54Z INFO Terminal] WRITE LINE: 2024-05-07 17:00:54Z: Job build completed with result: Failed
[2024-05-07 17:00:54Z INFO JobDispatcher] Stop renew job request for job ca395085-040a-526b-2ce8-bdc85f692774.
[2024-05-07 17:00:54Z INFO JobDispatcher] job renew has been cancelled, stop renew job request 7.
[2024-05-07 17:00:54Z INFO JobNotification] Entering JobCompleted Notification
[2024-05-07 17:00:54Z INFO JobNotification] Entering EndMonitor
[2024-05-07 17:00:54Z INFO MessageListener] Received job status event. JobState: Online
[2024-05-07 17:00:54Z WARN GitHubActionsService] GET request to https://pipelinesghubeus11.actions.githubusercontent.com/xZxDCTA1XkuJydqzG5YKizS7TS0EmvC9s7dBF22bAAqInVPTHB/_apis/distributedtask/pools/1/messages?sessionId=d5f60a30-b464-411e-9f58-17d96720bbea&lastMessageId=8&status=Busy&runnerVersion=2.316.1&os=Windows&architecture=X64&disableUpdate=false has been cancelled.
[2024-05-07 17:00:54Z INFO MessageListener] Get messages has been cancelled using local token source. Continue to get messages with new status.
[2024-05-07 17:10:07Z INFO RSAEncryptedFileKeyManager] Loading RSA key parameters from file C:\Users\Notebook\labs\github-actions\actions-runner\.credentials_rsaparams
[2024-05-07 17:10:08Z INFO GitHubActionsService] AAD Correlation ID for this token request: Unknown
[2024-05-07 17:27:41Z INFO MessageListener] No message retrieved from session 'd5f60a30-b464-411e-9f58-17d96720bbea' within last 30 minutes.
[2024-05-07 17:54:04Z INFO RSAEncryptedFileKeyManager] Loading RSA key parameters from file C:\Users\Notebook\labs\github-actions\actions-runner\.credentials_rsaparams
[2024-05-07 17:54:04Z INFO MessageListener] Message '9' received from session 'd5f60a30-b464-411e-9f58-17d96720bbea'.
[2024-05-07 17:54:04Z INFO Runner] Received job message of length 23970 from service, with hash 'af192775fccafa4c73b45858b2147f6e21f092f93e3ca9b92e52c79bbabdef59'
[2024-05-07 17:54:04Z INFO JobDispatcher] Job request 8 for plan db8b1268-b2f3-42ea-b263-4e1e6ca0fc64 job ca395085-040a-526b-2ce8-bdc85f692774 received.
[2024-05-07 17:54:04Z INFO JobDispatcher] Pull OrchestrationId db8b1268-b2f3-42ea-b263-4e1e6ca0fc64.build.__default from JWT claims
[2024-05-07 17:54:04Z INFO MessageListener] Received job status event. JobState: Busy
[2024-05-07 17:54:04Z INFO MessageListener] _getMessagesTokenSource is already disposed.
[2024-05-07 17:54:04Z INFO JobDispatcher] Job request ca395085-040a-526b-2ce8-bdc85f692774 processed succeed.
[2024-05-07 17:54:04Z INFO Terminal] WRITE LINE: 2024-05-07 17:54:04Z: Running job: build
[2024-05-07 17:54:04Z INFO JobDispatcher] Start renew job request 8 for job ca395085-040a-526b-2ce8-bdc85f692774.
[2024-05-07 17:54:05Z INFO JobDispatcher] Successfully renew job request 8, job is valid till 07/05/2024 18:04:04
[2024-05-07 17:54:05Z INFO HostContext] Well known directory 'Bin': 'C:\Users\Notebook\labs\github-actions\actions-runner\bin'
[2024-05-07 17:54:05Z INFO ProcessInvokerWrapper] Starting process:
[2024-05-07 17:54:05Z INFO ProcessInvokerWrapper]   File name: 'C:\Users\Notebook\labs\github-actions\actions-runner\bin\Runner.Worker.exe'
[2024-05-07 17:54:05Z INFO ProcessInvokerWrapper]   Arguments: 'spawnclient 3192 3204'
[2024-05-07 17:54:05Z INFO ProcessInvokerWrapper]   Working directory: 'C:\Users\Notebook\labs\github-actions\actions-runner\bin'
[2024-05-07 17:54:05Z INFO ProcessInvokerWrapper]   Require exit code zero: 'False'
[2024-05-07 17:54:05Z INFO ProcessInvokerWrapper]   Encoding web name:  ; code page: ''
[2024-05-07 17:54:05Z INFO ProcessInvokerWrapper]   Force kill process on cancellation: 'True'
[2024-05-07 17:54:05Z INFO ProcessInvokerWrapper]   Redirected STDIN: 'False'
[2024-05-07 17:54:05Z INFO ProcessInvokerWrapper]   Persist current code page: 'False'
[2024-05-07 17:54:05Z INFO ProcessInvokerWrapper]   Keep redirected STDIN open: 'False'
[2024-05-07 17:54:05Z INFO ProcessInvokerWrapper]   High priority process: 'True'
[2024-05-07 17:54:05Z INFO ProcessInvokerWrapper] Process started with process id 15204, waiting for process exit.
[2024-05-07 17:54:05Z INFO JobDispatcher] Send job request message to worker for job ca395085-040a-526b-2ce8-bdc85f692774.
[2024-05-07 17:54:05Z INFO ProcessChannel] Sending message of length 23970, with hash 'af192775fccafa4c73b45858b2147f6e21f092f93e3ca9b92e52c79bbabdef59'
[2024-05-07 17:54:05Z INFO JobNotification] Entering JobStarted Notification
[2024-05-07 17:54:05Z INFO JobNotification] Entering StartMonitor
[2024-05-07 17:55:05Z INFO JobDispatcher] Successfully renew job request 8, job is valid till 07/05/2024 18:05:04
[2024-05-07 17:56:05Z INFO ProcessInvokerWrapper] STDOUT/STDERR stream read finished.
[2024-05-07 17:56:05Z INFO ProcessInvokerWrapper] STDOUT/STDERR stream read finished.
[2024-05-07 17:56:05Z INFO ProcessInvokerWrapper] Finished process 15204 with exit code 102, and elapsed time 00:02:00.2389321.
[2024-05-07 17:56:05Z INFO JobDispatcher] Worker finished for job ca395085-040a-526b-2ce8-bdc85f692774. Code: 102
[2024-05-07 17:56:05Z INFO JobDispatcher] finish job request for job ca395085-040a-526b-2ce8-bdc85f692774 with result: Failed
[2024-05-07 17:56:05Z INFO Terminal] WRITE LINE: 2024-05-07 17:56:05Z: Job build completed with result: Failed
[2024-05-07 17:56:05Z INFO JobDispatcher] Stop renew job request for job ca395085-040a-526b-2ce8-bdc85f692774.
[2024-05-07 17:56:05Z WARN GitHubActionsService] PATCH request to https://pipelinesghubeus11.actions.githubusercontent.com/xZxDCTA1XkuJydqzG5YKizS7TS0EmvC9s7dBF22bAAqInVPTHB/_apis/distributedtask/pools/1/jobrequests/8?lockToken=00000000-0000-0000-0000-000000000000 has been cancelled.
[2024-05-07 17:56:05Z INFO JobDispatcher] job renew has been cancelled, stop renew job request 8.
[2024-05-07 17:56:05Z INFO JobNotification] Entering JobCompleted Notification
[2024-05-07 17:56:05Z INFO JobNotification] Entering EndMonitor
[2024-05-07 17:56:05Z INFO MessageListener] Received job status event. JobState: Online
[2024-05-07 17:56:05Z WARN GitHubActionsService] GET request to https://pipelinesghubeus11.actions.githubusercontent.com/xZxDCTA1XkuJydqzG5YKizS7TS0EmvC9s7dBF22bAAqInVPTHB/_apis/distributedtask/pools/1/messages?sessionId=d5f60a30-b464-411e-9f58-17d96720bbea&lastMessageId=9&status=Busy&runnerVersion=2.316.1&os=Windows&architecture=X64&disableUpdate=false has been cancelled.
[2024-05-07 17:56:05Z INFO MessageListener] Get messages has been cancelled using local token source. Continue to get messages with new status.
[2024-05-07 17:58:48Z INFO RSAEncryptedFileKeyManager] Loading RSA key parameters from file C:\Users\Notebook\labs\github-actions\actions-runner\.credentials_rsaparams
[2024-05-07 17:58:48Z INFO MessageListener] Message '10' received from session 'd5f60a30-b464-411e-9f58-17d96720bbea'.
[2024-05-07 17:58:48Z INFO Runner] Received job message of length 23972 from service, with hash 'dbaf9ff4030f87854f0b4d2d4f9b5d74a9ab0689d3cf210c25bbd2f2608860c9'
[2024-05-07 17:58:48Z INFO JobDispatcher] Job request 9 for plan 2b80fe08-26b6-4ac9-9b43-b81dc51ee4af job ca395085-040a-526b-2ce8-bdc85f692774 received.
[2024-05-07 17:58:48Z INFO JobDispatcher] Pull OrchestrationId 2b80fe08-26b6-4ac9-9b43-b81dc51ee4af.build.__default from JWT claims
[2024-05-07 17:58:48Z INFO MessageListener] Received job status event. JobState: Busy
[2024-05-07 17:58:48Z INFO MessageListener] _getMessagesTokenSource is already disposed.
[2024-05-07 17:58:48Z INFO JobDispatcher] Job request ca395085-040a-526b-2ce8-bdc85f692774 processed succeed.
[2024-05-07 17:58:48Z INFO Terminal] WRITE LINE: 2024-05-07 17:58:48Z: Running job: build
[2024-05-07 17:58:48Z INFO JobDispatcher] Start renew job request 9 for job ca395085-040a-526b-2ce8-bdc85f692774.
[2024-05-07 17:58:48Z INFO JobDispatcher] Successfully renew job request 9, job is valid till 07/05/2024 18:08:47
[2024-05-07 17:58:48Z INFO HostContext] Well known directory 'Bin': 'C:\Users\Notebook\labs\github-actions\actions-runner\bin'
[2024-05-07 17:58:48Z INFO ProcessInvokerWrapper] Starting process:
[2024-05-07 17:58:48Z INFO ProcessInvokerWrapper]   File name: 'C:\Users\Notebook\labs\github-actions\actions-runner\bin\Runner.Worker.exe'
[2024-05-07 17:58:48Z INFO ProcessInvokerWrapper]   Arguments: 'spawnclient 3384 3396'
[2024-05-07 17:58:48Z INFO ProcessInvokerWrapper]   Working directory: 'C:\Users\Notebook\labs\github-actions\actions-runner\bin'
[2024-05-07 17:58:48Z INFO ProcessInvokerWrapper]   Require exit code zero: 'False'
[2024-05-07 17:58:48Z INFO ProcessInvokerWrapper]   Encoding web name:  ; code page: ''
[2024-05-07 17:58:48Z INFO ProcessInvokerWrapper]   Force kill process on cancellation: 'True'
[2024-05-07 17:58:48Z INFO ProcessInvokerWrapper]   Redirected STDIN: 'False'
[2024-05-07 17:58:48Z INFO ProcessInvokerWrapper]   Persist current code page: 'False'
[2024-05-07 17:58:48Z INFO ProcessInvokerWrapper]   Keep redirected STDIN open: 'False'
[2024-05-07 17:58:48Z INFO ProcessInvokerWrapper]   High priority process: 'True'
[2024-05-07 17:58:48Z INFO ProcessInvokerWrapper] Process started with process id 25496, waiting for process exit.
[2024-05-07 17:58:48Z INFO JobDispatcher] Send job request message to worker for job ca395085-040a-526b-2ce8-bdc85f692774.
[2024-05-07 17:58:48Z INFO ProcessChannel] Sending message of length 23972, with hash 'dbaf9ff4030f87854f0b4d2d4f9b5d74a9ab0689d3cf210c25bbd2f2608860c9'
[2024-05-07 17:58:48Z INFO JobNotification] Entering JobStarted Notification
[2024-05-07 17:58:48Z INFO JobNotification] Entering StartMonitor
[2024-05-07 17:59:48Z INFO JobDispatcher] Successfully renew job request 9, job is valid till 07/05/2024 18:09:47
[2024-05-07 18:00:48Z INFO JobDispatcher] Successfully renew job request 9, job is valid till 07/05/2024 18:10:48
[2024-05-07 18:00:57Z INFO ProcessInvokerWrapper] STDOUT/STDERR stream read finished.
[2024-05-07 18:00:57Z INFO ProcessInvokerWrapper] STDOUT/STDERR stream read finished.
[2024-05-07 18:00:57Z INFO ProcessInvokerWrapper] Finished process 25496 with exit code 102, and elapsed time 00:02:08.6756092.
[2024-05-07 18:00:57Z INFO JobDispatcher] Worker finished for job ca395085-040a-526b-2ce8-bdc85f692774. Code: 102
[2024-05-07 18:00:57Z INFO JobDispatcher] finish job request for job ca395085-040a-526b-2ce8-bdc85f692774 with result: Failed
[2024-05-07 18:00:57Z INFO Terminal] WRITE LINE: 2024-05-07 18:00:57Z: Job build completed with result: Failed
[2024-05-07 18:00:57Z INFO JobDispatcher] Stop renew job request for job ca395085-040a-526b-2ce8-bdc85f692774.
[2024-05-07 18:00:57Z INFO JobDispatcher] job renew has been cancelled, stop renew job request 9.
[2024-05-07 18:00:57Z INFO JobNotification] Entering JobCompleted Notification
[2024-05-07 18:00:57Z INFO JobNotification] Entering EndMonitor
[2024-05-07 18:00:57Z INFO MessageListener] Received job status event. JobState: Online
[2024-05-07 18:00:57Z WARN GitHubActionsService] GET request to https://pipelinesghubeus11.actions.githubusercontent.com/xZxDCTA1XkuJydqzG5YKizS7TS0EmvC9s7dBF22bAAqInVPTHB/_apis/distributedtask/pools/1/messages?sessionId=d5f60a30-b464-411e-9f58-17d96720bbea&lastMessageId=10&status=Busy&runnerVersion=2.316.1&os=Windows&architecture=X64&disableUpdate=false has been cancelled.
[2024-05-07 18:00:57Z INFO MessageListener] Get messages has been cancelled using local token source. Continue to get messages with new status.
[2024-05-07 18:02:55Z INFO RSAEncryptedFileKeyManager] Loading RSA key parameters from file C:\Users\Notebook\labs\github-actions\actions-runner\.credentials_rsaparams
[2024-05-07 18:02:55Z INFO MessageListener] Message '11' received from session 'd5f60a30-b464-411e-9f58-17d96720bbea'.
[2024-05-07 18:02:55Z INFO Runner] Received job message of length 24028 from service, with hash 'f32b87ba1d95b53c3c35f4878a0944b21aa83b238e50757725edf7e8a47eaf77'
[2024-05-07 18:02:55Z INFO JobDispatcher] Job request 10 for plan c0faef59-5491-42b1-bff4-9b217f0dcff1 job ca395085-040a-526b-2ce8-bdc85f692774 received.
[2024-05-07 18:02:55Z INFO JobDispatcher] Pull OrchestrationId c0faef59-5491-42b1-bff4-9b217f0dcff1.build.__default from JWT claims
[2024-05-07 18:02:55Z INFO MessageListener] Received job status event. JobState: Busy
[2024-05-07 18:02:55Z INFO MessageListener] _getMessagesTokenSource is already disposed.
[2024-05-07 18:02:55Z INFO JobDispatcher] Job request ca395085-040a-526b-2ce8-bdc85f692774 processed succeed.
[2024-05-07 18:02:55Z INFO Terminal] WRITE LINE: 2024-05-07 18:02:55Z: Running job: build
[2024-05-07 18:02:55Z INFO JobDispatcher] Start renew job request 10 for job ca395085-040a-526b-2ce8-bdc85f692774.
[2024-05-07 18:02:56Z INFO JobDispatcher] Successfully renew job request 10, job is valid till 07/05/2024 18:12:55
[2024-05-07 18:02:56Z INFO HostContext] Well known directory 'Bin': 'C:\Users\Notebook\labs\github-actions\actions-runner\bin'
[2024-05-07 18:02:56Z INFO ProcessInvokerWrapper] Starting process:
[2024-05-07 18:02:56Z INFO ProcessInvokerWrapper]   File name: 'C:\Users\Notebook\labs\github-actions\actions-runner\bin\Runner.Worker.exe'
[2024-05-07 18:02:56Z INFO ProcessInvokerWrapper]   Arguments: 'spawnclient 3460 2704'
[2024-05-07 18:02:56Z INFO ProcessInvokerWrapper]   Working directory: 'C:\Users\Notebook\labs\github-actions\actions-runner\bin'
[2024-05-07 18:02:56Z INFO ProcessInvokerWrapper]   Require exit code zero: 'False'
[2024-05-07 18:02:56Z INFO ProcessInvokerWrapper]   Encoding web name:  ; code page: ''
[2024-05-07 18:02:56Z INFO ProcessInvokerWrapper]   Force kill process on cancellation: 'True'
[2024-05-07 18:02:56Z INFO ProcessInvokerWrapper]   Redirected STDIN: 'False'
[2024-05-07 18:02:56Z INFO ProcessInvokerWrapper]   Persist current code page: 'False'
[2024-05-07 18:02:56Z INFO ProcessInvokerWrapper]   Keep redirected STDIN open: 'False'
[2024-05-07 18:02:56Z INFO ProcessInvokerWrapper]   High priority process: 'True'
[2024-05-07 18:02:56Z INFO ProcessInvokerWrapper] Process started with process id 5848, waiting for process exit.
[2024-05-07 18:02:56Z INFO JobDispatcher] Send job request message to worker for job ca395085-040a-526b-2ce8-bdc85f692774.
[2024-05-07 18:02:56Z INFO ProcessChannel] Sending message of length 24028, with hash 'f32b87ba1d95b53c3c35f4878a0944b21aa83b238e50757725edf7e8a47eaf77'
[2024-05-07 18:02:56Z INFO JobNotification] Entering JobStarted Notification
[2024-05-07 18:02:56Z INFO JobNotification] Entering StartMonitor
[2024-05-07 18:03:56Z INFO JobDispatcher] Successfully renew job request 10, job is valid till 07/05/2024 18:13:55
[2024-05-07 18:04:14Z INFO ProcessInvokerWrapper] STDOUT/STDERR stream read finished.
[2024-05-07 18:04:14Z INFO ProcessInvokerWrapper] STDOUT/STDERR stream read finished.
[2024-05-07 18:04:14Z INFO ProcessInvokerWrapper] Finished process 5848 with exit code 102, and elapsed time 00:01:17.8199294.
[2024-05-07 18:04:14Z INFO JobDispatcher] Worker finished for job ca395085-040a-526b-2ce8-bdc85f692774. Code: 102
[2024-05-07 18:04:14Z INFO JobDispatcher] finish job request for job ca395085-040a-526b-2ce8-bdc85f692774 with result: Failed
[2024-05-07 18:04:14Z INFO Terminal] WRITE LINE: 2024-05-07 18:04:14Z: Job build completed with result: Failed
[2024-05-07 18:04:14Z INFO JobDispatcher] Stop renew job request for job ca395085-040a-526b-2ce8-bdc85f692774.
[2024-05-07 18:04:14Z INFO JobDispatcher] job renew has been cancelled, stop renew job request 10.
[2024-05-07 18:04:14Z INFO JobNotification] Entering JobCompleted Notification
[2024-05-07 18:04:14Z INFO JobNotification] Entering EndMonitor
[2024-05-07 18:04:14Z INFO MessageListener] Received job status event. JobState: Online
[2024-05-07 18:04:14Z WARN GitHubActionsService] GET request to https://pipelinesghubeus11.actions.githubusercontent.com/xZxDCTA1XkuJydqzG5YKizS7TS0EmvC9s7dBF22bAAqInVPTHB/_apis/distributedtask/pools/1/messages?sessionId=d5f60a30-b464-411e-9f58-17d96720bbea&lastMessageId=11&status=Busy&runnerVersion=2.316.1&os=Windows&architecture=X64&disableUpdate=false has been cancelled.
[2024-05-07 18:04:14Z INFO MessageListener] Get messages has been cancelled using local token source. Continue to get messages with new status.
[2024-05-07 18:05:55Z INFO RSAEncryptedFileKeyManager] Loading RSA key parameters from file C:\Users\Notebook\labs\github-actions\actions-runner\.credentials_rsaparams
[2024-05-07 18:05:55Z INFO GitHubActionsService] AAD Correlation ID for this token request: Unknown
[2024-05-07 18:33:31Z INFO MessageListener] No message retrieved from session 'd5f60a30-b464-411e-9f58-17d96720bbea' within last 30 minutes.
